[     684ms] [LOG] false @ https://www.pcgamingwiki.com/wiki/Store:EA_app:106
[     685ms] [LOG] false @ https://www.pcgamingwiki.com/wiki/Store:EA_app:504
[    1022ms] [LOG] JQMIGRATE: Migrate is installed with logging active, version 3.3.2 @ https://www.pcgamingwiki.com/w/load.php?lang=en&modules=ext.cite.a11y%7Cjquery%2Coojs%2Coojs-router%2Csite%7Cjquery.client%2Ccookie%7Cmediawiki.String%2CTitle%2Capi%2Cbase%2Ccldr%2Ccookie%2CjqueryMsg%2Clanguage%2Cstorage%2Ctoc%2Cuser%2Cutil%7Cmediawiki.libs.pluralruleparser%7Cmediawiki.page.ready%2Cstartup%7Cmediawiki.ui.button%2Cicon%7Cmmv.bootstrap%2Chead%7Cmmv.bootstrap.autostart%7Coojs-ui.styles.icons-movement%7Cskins.overclocked.js%7Cuser.defaults&skin=overclocked&version=knl4n:144
[    1024ms] [WARNING] JQMIGRATE: jQuery.isFunction() is deprecated @ https://www.pcgamingwiki.com/w/load.php?lang=en&modules=ext.cite.a11y%7Cjquery%2Coojs%2Coojs-router%2Csite%7Cjquery.client%2Ccookie%7Cmediawiki.String%2CTitle%2Capi%2Cbase%2Ccldr%2Ccookie%2CjqueryMsg%2Clanguage%2Cstorage%2Ctoc%2Cuser%2Cutil%7Cmediawiki.libs.pluralruleparser%7Cmediawiki.page.ready%2Cstartup%7Cmediawiki.ui.button%2Cicon%7Cmmv.bootstrap%2Chead%7Cmmv.bootstrap.autostart%7Coojs-ui.styles.icons-movement%7Cskins.overclocked.js%7Cuser.defaults&skin=overclocked&version=knl4n:145
[    1024ms] [WARNING] JQMIGRATE: jQuery.fn.offset() requires a valid DOM element @ https://www.pcgamingwiki.com/w/load.php?lang=en&modules=ext.cite.a11y%7Cjquery%2Coojs%2Coojs-router%2Csite%7Cjquery.client%2Ccookie%7Cmediawiki.String%2CTitle%2Capi%2Cbase%2Ccldr%2Ccookie%2CjqueryMsg%2Clanguage%2Cstorage%2Ctoc%2Cuser%2Cutil%7Cmediawiki.libs.pluralruleparser%7Cmediawiki.page.ready%2Cstartup%7Cmediawiki.ui.button%2Cicon%7Cmmv.bootstrap%2Chead%7Cmmv.bootstrap.autostart%7Coojs-ui.styles.icons-movement%7Cskins.overclocked.js%7Cuser.defaults&skin=overclocked&version=knl4n:145
[    1024ms] [WARNING] JQMIGRATE: jQuery.fn.hover() is deprecated @ https://www.pcgamingwiki.com/w/load.php?lang=en&modules=ext.cite.a11y%7Cjquery%2Coojs%2Coojs-router%2Csite%7Cjquery.client%2Ccookie%7Cmediawiki.String%2CTitle%2Capi%2Cbase%2Ccldr%2Ccookie%2CjqueryMsg%2Clanguage%2Cstorage%2Ctoc%2Cuser%2Cutil%7Cmediawiki.libs.pluralruleparser%7Cmediawiki.page.ready%2Cstartup%7Cmediawiki.ui.button%2Cicon%7Cmmv.bootstrap%2Chead%7Cmmv.bootstrap.autostart%7Coojs-ui.styles.icons-movement%7Cskins.overclocked.js%7Cuser.defaults&skin=overclocked&version=knl4n:145
[    1025ms] [WARNING] JQMIGRATE: jQuery.fn.bind() is deprecated @ https://www.pcgamingwiki.com/w/load.php?lang=en&modules=ext.cite.a11y%7Cjquery%2Coojs%2Coojs-router%2Csite%7Cjquery.client%2Ccookie%7Cmediawiki.String%2CTitle%2Capi%2Cbase%2Ccldr%2Ccookie%2CjqueryMsg%2Clanguage%2Cstorage%2Ctoc%2Cuser%2Cutil%7Cmediawiki.libs.pluralruleparser%7Cmediawiki.page.ready%2Cstartup%7Cmediawiki.ui.button%2Cicon%7Cmmv.bootstrap%2Chead%7Cmmv.bootstrap.autostart%7Coojs-ui.styles.icons-movement%7Cskins.overclocked.js%7Cuser.defaults&skin=overclocked&version=knl4n:145
[    1025ms] [LOG] MediaWiki:Common.js executing... rev. 11 @ :0
[    1025ms] [LOG] -- Link: https://www.pcgamingwiki.com/wiki/MediaWiki:Common.js @ :0
[    1134ms] [WARNING] This page is using the deprecated ResourceLoader module "mediawiki.skinning.elements".
Your default skin ResourceLoader class should use ResourceLoaderSkinModule::class @ https://www.pcgamingwiki.com/wiki/Store:EA_app:607
[    1902ms] [LOG] sendBeacon: URL =  https://go.adt256.com/t/t?a=1578845458&as=1649876489&t=1&tk=1&cl=1&atag=1&sv=1&at_gd=C452ADB40C07A486DC2958A6515BA81171088653&cacheprev=0.4956585724187764 ; status =  true @ https://cdn.adt598.com/atag.js?as=1649876489:0
[    2013ms] [ERROR] Access to XMLHttpRequest at 'https://track.venatusmedia.com/pageload/track' from origin 'https://www.pcgamingwiki.com' has been blocked by CORS policy: Response to preflight request doesn't pass access control check: No 'Access-Control-Allow-Origin' header is present on the requested resource. @ https://www.pcgamingwiki.com/wiki/Store:EA_app:0
[    2013ms] [ERROR] Failed to load resource: net::ERR_FAILED @ https://track.venatusmedia.com/pageload/track:0
[    3658ms] Uncaught (in promise) TypeError: Cannot read properties of undefined (reading 'push')
    at <anonymous> (https://edge.atmtd.com/pub/vntsm/afihbs.js:1:11756)
    at f (https://edge.atmtd.com/pub/vntsm/afihbs.js:1:3340)
    at a (https://edge.atmtd.com/pub/vntsm/afihbs.js:1:3543)
[    5194ms] [WARNING] The resource https://static.pcgamingwiki.com/logos/pcgamingwiki.svg was preloaded using link preload but not used within a few seconds from the window's load event. Please make sure it has an appropriate `as` value and it is preloaded intentionally. @ https://www.pcgamingwiki.com/wiki/Store:EA_app:0
[    6076ms] [ERROR] Access to fetch at 'https://api.rlcdn.com/api/identity/envelope?pid=2173' from origin 'https://www.pcgamingwiki.com' has been blocked by CORS policy: No 'Access-Control-Allow-Origin' header is present on the requested resource. @ https://www.pcgamingwiki.com/wiki/Store:EA_app:0
[    6077ms] [ERROR] Failed to load resource: net::ERR_FAILED @ https://api.rlcdn.com/api/identity/envelope?pid=2173:0
[    8414ms] [WARNING] [GPT] PubAdsService.getTargeting is deprecated, use googletag.getConfig('targeting') instead.
https://goo.gle/gpt-message#200 @ https://securepubads.g.doubleclick.net/pagead/managed/js/gpt/m202607130101/pubads_impl.js:18
[   12318ms] [WARNING] [GPT] Slot.setTargeting is deprecated, use Slot.setConfig({targeting: ...}) instead.
https://goo.gle/gpt-message#171 @ https://securepubads.g.doubleclick.net/pagead/managed/js/gpt/m202607130101/pubads_impl.js:18
[   12903ms] [WARNING] An iframe which has both allow-scripts and allow-same-origin for its sandbox attribute can escape its sandboxing. @ https://cadmus.script.ac/d1oykxszdrgjgl/script.js:0
[   13110ms] [WARNING] The resource https://static.pcgamingwiki.com/logos/pcgamingwiki.svg was preloaded using link preload but not used within a few seconds from the window's load event. Please make sure it has an appropriate `as` value and it is preloaded intentionally. @ https://www.pcgamingwiki.com/wiki/Store:EA_app:0
[   14294ms] [TIMEEND] a: 0.0009765625 ms @ https://static.adsafeprotected.com/sca.17.6.4.js:31
[   14734ms] [DIR] SyntaxError @ :0
[   15019ms] Uncaught TypeError: Cannot convert undefined or null to object
    at bh (https://js.ad-score.com/score.min.js?pid=1000941&tt=g:1:298847)
    at <anonymous> (https://js.ad-score.com/score.min.js?pid=1000941&tt=g:1:299810)
    at <anonymous> (https://js.ad-score.com/score.min.js?pid=1000941&tt=g:1:299998)
    at bJ (https://js.ad-score.com/score.min.js?pid=1000941&tt=g:1:300799)
    at <anonymous> (https://cadmus.script.ac/d1oykxszdrgjgl/script.js:0:62673)
    at eval (:0:100334)
[   17272ms] [ERROR] Failed to load resource: the server responded with a status of 451 () @ https://id.rlcdn.com/713074.gif?:0
[   17445ms] [ERROR] Failed to load resource: the server responded with a status of 400 () @ https://match.prod.bidr.io/cookie-sync/rp?bee_sync_partners=rp&gdpr_consent=CQncTYAQncTYAEsACBENCnFoAP_gAEPgAAwIMGsR9C_sTSFDebZ3KbskaYxP0LhgbsQxBgaAEgIFyJKQJJwEgWEJJAiABCACCBAAMFQBIQMAEAAAAUCAIIABLwAMYEwUYBJIJAAAABEYAUBQCAAEgIEgUAAJgiC3EkQgkAiEQIpKWMgCgABGEACwCCQgAJCAAAAAAUIAQAEAEAAEQCwQkAlAmAAAAgEIABBIAEABYCAAICAAABgBAAAAAAAAAAAAAACAADACAAAAAAAAAiAAAAAIAASAAAAAAEAAAAIAIMQMR9C_sTSFDebBXobskKYxf0LgAbsQxBAaAAgIFyJKQJIwAkWEDJEiAACAACBAAIFQBIAEIEAgAAECBAIABLxAMAEwQYBJIAAAAADEYAEBQAAAEgIEgUAAJgCA2EEQggQiEQIpCWEgCABACEACgCCQAAJCAAAABEUIAQAEAECAEwDQAkAlAmAAAAgAIABBIAEABYSAAICAAABgBAAAAAAAAAAAAAACAACACAAAEAAAAQiAAAAAAAASAAAAAAEBAAAIAIAAEAA.IMQMR9C_sTSFDebZ3qbskaYxf0LhgbsQxBgaAEgIFyJKQJJwEkWELJEiABCACCBAAMFQBIQMIEAgAAUCBIIABLxAMYEwUYBJIJAAAADEYAUBQCAAEgIEgUAAJgiC3EkQgkQiEQIpKWMgCgBBGEACwCCQgAJCAAAABEUIAQAEAECAEwDwQkAlAmAAAAgEIABBIAEABYSAAICAAABgBAAAAAAAAAAAAAACAADACAAAEAAAAQiAAAAAIAASAAAAAAEBAAAIAIAAEA.f_wAAAAAAAA&gdpr=1&us_privacy=1---&_bee_ppp=1:0
[   17587ms] [ERROR] Failed to load resource: the server responded with a status of 404 () @ https://cs.admanmedia.com/c899400112bd5b9243b3993d9a074653.gif?puid=[UID]&redir=https%3A%2F%2Fcsync.smilewanted.com%2Fset_partner_userid_get%2Fillumin%2F%5BUID%5D&gdpr=1&gdpr_consent=CQncTYAQncTYAEsACBENCnFoAP_gAEPgAAwIMGsR9C_sTSFDebZ3KbskaYxP0LhgbsQxBgaAEgIFyJKQJJwEgWEJJAiABCACCBAAMFQBIQMAEAAAAUCAIIABLwAMYEwUYBJIJAAAABEYAUBQCAAEgIEgUAAJgiC3EkQgkAiEQIpKWMgCgABGEACwCCQgAJCAAAAAAUIAQAEAEAAEQCwQkAlAmAAAAgEIABBIAEABYCAAICAAABgBAAAAAAAAAAAAAACAADACAAAAAAAAAiAAAAAIAASAAAAAAEAAAAIAIMQMR9C_sTSFDebBXobskKYxf0LgAbsQxBAaAAgIFyJKQJIwAkWEDJEiAACAACBAAIFQBIAEIEAgAAECBAIABLxAMAEwQYBJIAAAAADEYAEBQAAAEgIEgUAAJgCA2EEQggQiEQIpCWEgCABACEACgCCQAAJCAAAABEUIAQAEAECAEwDQAkAlAmAAAAgAIABBIAEABYSAAICAAABgBAAAAAAAAAAAAAACAACACAAAEAAAAQiAAAAAAAASAAAAAAEBAAAIAIAAEAA.IMQMR9C_sTSFDebZ3qbskaYxf0LhgbsQxBgaAEgIFyJKQJJwEkWELJEiABCACCBAAMFQBIQMIEAgAAUCBIIABLxAMYEwUYBJIJAAAADEYAUBQCAAEgIEgUAAJgiC3EkQgkQiEQIpKWMgCgBBGEACwCCQgAJCAAAABEUIAQAEAECAEwDwQkAlAmAAAAgEIABBIAEABYSAAICAAABgBAAAAAAAAAAAAAACAADACAAAEAAAAQiAAAAAIAASAAAAAAEBAAAIAIAAEA.f_wAAAAAAAA:0
[   17695ms] [ERROR] Failed to load resource: the server responded with a status of 403 () @ https://cm.adform.net/cookie?gdpr=1&gdpr_consent=CQncTYAQncTYAEsACBENCnFoAP_gAEPgAAwIMGsR9C_sTSFDebZ3KbskaYxP0LhgbsQxBgaAEgIFyJKQJJwEgWEJJAiABCACCBAAMFQBIQMAEAAAAUCAIIABLwAMYEwUYBJIJAAAABEYAUBQCAAEgIEgUAAJgiC3EkQgkAiEQIpKWMgCgABGEACwCCQgAJCAAAAAAUIAQAEAEAAEQCwQkAlAmAAAAgEIABBIAEABYCAAICAAABgBAAAAAAAAAAAAAACAADACAAAAAAAAAiAAAAAIAASAAAAAAEAAAAIAIMQMR9C_sTSFDebBXobskKYxf0LgAbsQxBAaAAgIFyJKQJIwAkWEDJEiAACAACBAAIFQBIAEIEAgAAECBAIABLxAMAEwQYBJIAAAAADEYAEBQAAAEgIEgUAAJgCA2EEQggQiEQIpCWEgCABACEACgCCQAAJCAAAABEUIAQAEAECAEwDQAkAlAmAAAAgAIABBIAEABYSAAICAAABgBAAAAAAAAAAAAAACAACACAAAEAAAAQiAAAAAAAASAAAAAAEBAAAIAIAAEAA.IMQMR9C_sTSFDebZ3qbskaYxf0LhgbsQxBgaAEgIFyJKQJJwEkWELJEiABCACCBAAMFQBIQMIEAgAAUCBIIABLxAMYEwUYBJIJAAAADEYAUBQCAAEgIEgUAAJgiC3EkQgkQiEQIpKWMgCgBBGEACwCCQgAJCAAAABEUIAQAEAECAEwDwQkAlAmAAAAgEIABBIAEABYSAAICAAABgBAAAAAAAAAAAAAACAADACAAAEAAAAQiAAAAAIAASAAAAAAEBAAAIAIAAEA.f_wAAAAAAAA&redirect_url=https%3A%2F%2Feuw2-sync.a-mo.net%2Fsetuid%3Fbidder%3Dadform%26A%3Df5cba50d-b07a-41f0-92b6-a2222c82f8de%26uid%3D%24UID:0
[   17696ms] [ERROR] Failed to load resource: the server responded with a status of 403 () @ https://cm.adform.net/cookie?gdpr=1&gdpr_consent=CQncTYAQncTYAEsACBENCnFoAP_gAEPgAAwIMGsR9C_sTSFDebZ3KbskaYxP0LhgbsQxBgaAEgIFyJKQJJwEgWEJJAiABCACCBAAMFQBIQMAEAAAAUCAIIABLwAMYEwUYBJIJAAAABEYAUBQCAAEgIEgUAAJgiC3EkQgkAiEQIpKWMgCgABGEACwCCQgAJCAAAAAAUIAQAEAEAAEQCwQkAlAmAAAAgEIABBIAEABYCAAICAAABgBAAAAAAAAAAAAAACAADACAAAAAAAAAiAAAAAIAASAAAAAAEAAAAIAIMQMR9C_sTSFDebBXobskKYxf0LgAbsQxBAaAAgIFyJKQJIwAkWEDJEiAACAACBAAIFQBIAEIEAgAAECBAIABLxAMAEwQYBJIAAAAADEYAEBQAAAEgIEgUAAJgCA2EEQggQiEQIpCWEgCABACEACgCCQAAJCAAAABEUIAQAEAECAEwDQAkAlAmAAAAgAIABBIAEABYSAAICAAABgBAAAAAAAAAAAAAACAACACAAAEAAAAQiAAAAAAAASAAAAAAEBAAAIAIAAEAA.IMQMR9C_sTSFDebZ3qbskaYxf0LhgbsQxBgaAEgIFyJKQJJwEkWELJEiABCACCBAAMFQBIQMIEAgAAUCBIIABLxAMYEwUYBJIJAAAADEYAUBQCAAEgIEgUAAJgiC3EkQgkQiEQIpKWMgCgBBGEACwCCQgAJCAAAABEUIAQAEAECAEwDwQkAlAmAAAAgEIABBIAEABYSAAICAAABgBAAAAAAAAAAAAAACAADACAAAEAAAAQiAAAAAIAASAAAAAAEBAAAIAIAAEA.f_wAAAAAAAA&redirect_url=https%3A%2F%2Feuw2-sync.a-mo.net%2Fsetuid%3Fbidder%3Dadform%26A%3D68d998bc-8c06-486b-9a57-c402b43f0e48%26uid%3D%24UID:0
[   17697ms] [ERROR] Failed to load resource: the server responded with a status of 403 () @ https://cm.adform.net/cookie?redirect_url=https%3A%2F%2Fcsync.smilewanted.com%2Fset_partner_userid_get%2Fadform%2F%24UID:0
[   17885ms] [ERROR] Failed to load resource: the server responded with a status of 451 () @ https://idsync.rlcdn.com/713113.gif?partner_uid=ID5-5-dc654e0d-79e6-4869-9313-88acd7efc3f8:0
[   19510ms] [ERROR] Failed to load resource: the server responded with a status of 403 () @ https://cm.adform.net/cookie?redirect_url=https%3A%2F%2Felb.the-ozone-project.com%2Fsetuid%3Fbidder%3Dadform%26gdpr%3D1%26gdpr_consent%3DCQncTYAQncTYAEsACBENCnFoAP_gAEPgAAwIMGsR9C_sTSFDebZ3KbskaYxP0LhgbsQxBgaAEgIFyJKQJJwEgWEJJAiABCACCBAAMFQBIQMAEAAAAUCAIIABLwAMYEwUYBJIJAAAABEYAUBQCAAEgIEgUAAJgiC3EkQgkAiEQIpKWMgCgABGEACwCCQgAJCAAAAAAUIAQAEAEAAEQCwQkAlAmAAAAgEIABBIAEABYCAAICAAABgBAAAAAAAAAAAAAACAADACAAAAAAAAAiAAAAAIAASAAAAAAEAAAAIAIMQMR9C_sTSFDebBXobskKYxf0LgAbsQxBAaAAgIFyJKQJIwAkWEDJEiAACAACBAAIFQBIAEIEAgAAECBAIABLxAMAEwQYBJIAAAAADEYAEBQAAAEgIEgUAAJgCA2EEQggQiEQIpCWEgCABACEACgCCQAAJCAAAABEUIAQAEAECAEwDQAkAlAmAAAAgAIABBIAEABYSAAICAAABgBAAAAAAAAAAAAAACAACACAAAEAAAAQiAAAAAAAASAAAAAAEBAAAIAIAAEAA.IMQMR9C_sTSFDebZ3qbskaYxf0LhgbsQxBgaAEgIFyJKQJJwEkWELJEiABCACCBAAMFQBIQMIEAgAAUCBIIABLxAMYEwUYBJIJAAAADEYAUBQCAAEgIEgUAAJgiC3EkQgkQiEQIpKWMgCgBBGEACwCCQgAJCAAAABEUIAQAEAECAEwDwQkAlAmAAAAgEIABBIAEABYSAAICAAABgBAAAAAAAAAAAAAACAADACAAAEAAAAQiAAAAAIAASAAAAAAEBAAAIAIAAEA.f_wAAAAAAAA%26us_privacy%3D%26gpp%3D%26gpp_sid%3D-1%26uid%3D%24UID:0
[   20083ms] [ERROR] Failed to load resource: net::ERR_CONNECTION_CLOSED @ https://tracker-shr.ortb.net/sync?id=1&uid=ID5-5-dc654e0d-79e6-4869-9313-88acd7efc3f8:0
[   22901ms] [ERROR] Failed to load resource: the server responded with a status of 403 () @ https://cm.adform.net/cookie?redirect_url=https%3A%2F%2Fcs.yellowblue.io%2Fcs%3Ffwrd%3D1%26aid%3D11606%26gdpr%3D%5BGDPR%5D%26gdpr_consent%3D%5BUSER_CONSENT%5D%26uid%3D%24UID:0
[   37305ms] [WARNING] The resource https://static.pcgamingwiki.com/logos/pcgamingwiki.svg was preloaded using link preload but not used within a few seconds from the window's load event. Please make sure it has an appropriate `as` value and it is preloaded intentionally. @ https://www.pcgamingwiki.com/wiki/Store:EA_app:0
